<?xml version="1.0" encoding="UTF-8" ?>
<testsuite tests="60" failures="0" name="org.jfree.data.general.DatasetUtilsTest" time="0.113" errors="0" skipped="0">
  <properties>
    <property name="java.runtime.name" value="OpenJDK Runtime Environment"/>
    <property name="java.vm.version" value="11.0.21+9-post-Ubuntu-0ubuntu122.04"/>
    <property name="sun.boot.library.path" value="/usr/lib/jvm/java-11-openjdk-amd64/lib"/>
    <property name="maven.multiModuleProjectDirectory" value="/home/srmenon/481/HW1C/jfreechart-1.5.0"/>
    <property name="java.vm.vendor" value="Ubuntu"/>
    <property name="java.vendor.url" value="https://ubuntu.com/"/>
    <property name="guice.disable.misplaced.annotation.check" value="true"/>
    <property name="path.separator" value=":"/>
    <property name="java.vm.name" value="OpenJDK 64-Bit Server VM"/>
    <property name="sun.os.patch.level" value="unknown"/>
    <property name="sun.java.launcher" value="SUN_STANDARD"/>
    <property name="java.vm.specification.name" value="Java Virtual Machine Specification"/>
    <property name="user.dir" value="/home/srmenon/481/HW1C/jfreechart-1.5.0"/>
    <property name="java.vm.compressedOopsMode" value="32-bit"/>
    <property name="java.runtime.version" value="11.0.21+9-post-Ubuntu-0ubuntu122.04"/>
    <property name="java.awt.graphicsenv" value="sun.awt.X11GraphicsEnvironment"/>
    <property name="os.arch" value="amd64"/>
    <property name="java.io.tmpdir" value="/tmp"/>
    <property name="line.separator" value="
"/>
    <property name="java.vm.specification.vendor" value="Oracle Corporation"/>
    <property name="os.name" value="Linux"/>
    <property name="net.sourceforge.cobertura.datafile" value="/home/srmenon/481/HW1C/jfreechart-1.5.0/target/cobertura/cobertura.ser"/>
    <property name="classworlds.conf" value="/usr/share/maven/bin/m2.conf"/>
    <property name="sun.jnu.encoding" value="UTF-8"/>
    <property name="java.library.path" value="/usr/java/packages/lib:/usr/lib/x86_64-linux-gnu/jni:/lib/x86_64-linux-gnu:/usr/lib/x86_64-linux-gnu:/usr/lib/jni:/lib:/usr/lib"/>
    <property name="maven.conf" value="/usr/share/maven/conf"/>
    <property name="jdk.debug" value="release"/>
    <property name="java.class.version" value="55.0"/>
    <property name="java.specification.name" value="Java Platform API Specification"/>
    <property name="sun.management.compiler" value="HotSpot 64-Bit Tiered Compilers"/>
    <property name="os.version" value="5.15.133.1-microsoft-standard-WSL2"/>
    <property name="library.jansi.path" value="/usr/share/maven/lib/jansi-native"/>
    <property name="user.home" value="/home/srmenon"/>
    <property name="user.timezone" value="America/New_York"/>
    <property name="java.awt.printerjob" value="sun.print.PSPrinterJob"/>
    <property name="file.encoding" value="UTF-8"/>
    <property name="java.specification.version" value="11"/>
    <property name="user.name" value="srmenon"/>
    <property name="java.class.path" value="/usr/share/maven/boot/plexus-classworlds-2.x.jar"/>
    <property name="java.vm.specification.version" value="11"/>
    <property name="sun.arch.data.model" value="64"/>
    <property name="sun.java.command" value="org.codehaus.plexus.classworlds.launcher.Launcher clean cobertura:cobertura"/>
    <property name="java.home" value="/usr/lib/jvm/java-11-openjdk-amd64"/>
    <property name="user.language" value="en"/>
    <property name="java.specification.vendor" value="Oracle Corporation"/>
    <property name="awt.toolkit" value="sun.awt.X11.XToolkit"/>
    <property name="java.vm.info" value="mixed mode, sharing"/>
    <property name="java.version" value="11.0.21"/>
    <property name="java.vendor" value="Ubuntu"/>
    <property name="java.specification.maintenance.version" value="2"/>
    <property name="maven.home" value="/usr/share/maven"/>
    <property name="file.separator" value="/"/>
    <property name="java.version.date" value="2023-10-17"/>
    <property name="java.vendor.url.bug" value="https://bugs.launchpad.net/ubuntu/+source/openjdk-lts"/>
    <property name="sun.io.unicode.encoding" value="UnicodeLittle"/>
    <property name="sun.cpu.endian" value="little"/>
    <property name="project.build.outputDirectory" value="/home/srmenon/481/HW1C/jfreechart-1.5.0/target/generated-classes/cobertura"/>
    <property name="sun.cpu.isalist" value=""/>
  </properties>
  <testcase classname="org.jfree.data.general.DatasetUtilsTest" name="testIterateDomainBounds_NaN2" time="0"/>
  <testcase classname="org.jfree.data.general.DatasetUtilsTest" name="testIterateToFindDomainBounds_IntervalXYDataset" time="0"/>
  <testcase classname="org.jfree.data.general.DatasetUtilsTest" name="testIterateToFindRangeBounds_StatisticalCategoryDataset" time="0"/>
  <testcase classname="org.jfree.data.general.DatasetUtilsTest" name="testFindStackedRangeBoundsForTableXYDataset1" time="0"/>
  <testcase classname="org.jfree.data.general.DatasetUtilsTest" name="testFindStackedRangeBoundsForTableXYDataset2" time="0"/>
  <testcase classname="org.jfree.data.general.DatasetUtilsTest" name="testLimitPieDataset" time="0"/>
  <testcase classname="org.jfree.data.general.DatasetUtilsTest" name="testIterateRangeBounds" time="0"/>
  <testcase classname="org.jfree.data.general.DatasetUtilsTest" name="testMaximumStackedRangeValue" time="0"/>
  <testcase classname="org.jfree.data.general.DatasetUtilsTest" name="testFindRangeBounds2" time="0.001"/>
  <testcase classname="org.jfree.data.general.DatasetUtilsTest" name="testBug2849731" time="0.002"/>
  <testcase classname="org.jfree.data.general.DatasetUtilsTest" name="testFindYValueNonSorted" time="0.001"/>
  <testcase classname="org.jfree.data.general.DatasetUtilsTest" name="testIterateRangeBounds_CategoryDataset" time="0.001"/>
  <testcase classname="org.jfree.data.general.DatasetUtilsTest" name="testIterateToFindRangeBounds1_XYDataset" time="0.001"/>
  <testcase classname="org.jfree.data.general.DatasetUtilsTest" name="testIterateRangeBounds2" time="0.001"/>
  <testcase classname="org.jfree.data.general.DatasetUtilsTest" name="testIterateRangeBounds3" time="0"/>
  <testcase classname="org.jfree.data.general.DatasetUtilsTest" name="testIterateRangeBounds4" time="0.006"/>
  <testcase classname="org.jfree.data.general.DatasetUtilsTest" name="testCumulativeRange1" time="0.001"/>
  <testcase classname="org.jfree.data.general.DatasetUtilsTest" name="testCumulativeRange2" time="0.001"/>
  <testcase classname="org.jfree.data.general.DatasetUtilsTest" name="testCumulativeRange3" time="0.001"/>
  <testcase classname="org.jfree.data.general.DatasetUtilsTest" name="testJava" time="0"/>
  <testcase classname="org.jfree.data.general.DatasetUtilsTest" name="testFindMinimumRangeValue" time="0.001"/>
  <testcase classname="org.jfree.data.general.DatasetUtilsTest" name="testFindStackedRangeBounds_CategoryDataset1" time="0.009"/>
  <testcase classname="org.jfree.data.general.DatasetUtilsTest" name="testFindStackedRangeBounds_CategoryDataset2" time="0"/>
  <testcase classname="org.jfree.data.general.DatasetUtilsTest" name="testFindStackedRangeBounds_CategoryDataset3" time="0"/>
  <testcase classname="org.jfree.data.general.DatasetUtilsTest" name="testFindMaximumDomainValue" time="0.007"/>
  <testcase classname="org.jfree.data.general.DatasetUtilsTest" name="testIterateToFindRangeBounds_BoxAndWhiskerXYDataset" time="0.001"/>
  <testcase classname="org.jfree.data.general.DatasetUtilsTest" name="testIterateRangeBounds2_CategoryDataset" time="0"/>
  <testcase classname="org.jfree.data.general.DatasetUtilsTest" name="testStackedRangeWithMap" time="0.008"/>
  <testcase classname="org.jfree.data.general.DatasetUtilsTest" name="testFindYValue" time="0"/>
  <testcase classname="org.jfree.data.general.DatasetUtilsTest" name="testFindYValueWithDuplicates" time="0"/>
  <testcase classname="org.jfree.data.general.DatasetUtilsTest" name="testFindMaximumStackedRangeValue" time="0"/>
  <testcase classname="org.jfree.data.general.DatasetUtilsTest" name="testFindMinimumStackedRangeValue" time="0.003"/>
  <testcase classname="org.jfree.data.general.DatasetUtilsTest" name="testFindDomainBounds_NaN" time="0"/>
  <testcase classname="org.jfree.data.general.DatasetUtilsTest" name="testFindRangeBounds" time="0"/>
  <testcase classname="org.jfree.data.general.DatasetUtilsTest" name="testIterateDomainBounds_NaN" time="0"/>
  <testcase classname="org.jfree.data.general.DatasetUtilsTest" name="testFindMinimumStackedRangeValue2" time="0"/>
  <testcase classname="org.jfree.data.general.DatasetUtilsTest" name="testSampleFunction2D" time="0.014"/>
  <testcase classname="org.jfree.data.general.DatasetUtilsTest" name="testIterateToFindRangeBounds_MultiValueCategoryDataset" time="0"/>
  <testcase classname="org.jfree.data.general.DatasetUtilsTest" name="testFindMaximumStackedRangeValue2" time="0"/>
  <testcase classname="org.jfree.data.general.DatasetUtilsTest" name="testIterateRangeBounds3_CategoryDataset" time="0"/>
  <testcase classname="org.jfree.data.general.DatasetUtilsTest" name="testIsEmptyOrNullXYDataset" time="0"/>
  <testcase classname="org.jfree.data.general.DatasetUtilsTest" name="test803660" time="0"/>
  <testcase classname="org.jfree.data.general.DatasetUtilsTest" name="testFindMaximumRangeValue" time="0"/>
  <testcase classname="org.jfree.data.general.DatasetUtilsTest" name="testMinMaxRange" time="0"/>
  <testcase classname="org.jfree.data.general.DatasetUtilsTest" name="testIterateToFindRangeBounds_IntervalXYDataset" time="0"/>
  <testcase classname="org.jfree.data.general.DatasetUtilsTest" name="testIterateToFindRangeBounds2_XYDataset" time="0.018"/>
  <testcase classname="org.jfree.data.general.DatasetUtilsTest" name="testCalculatePieDatasetTotal" time="0"/>
  <testcase classname="org.jfree.data.general.DatasetUtilsTest" name="testFindRangeBounds_CategoryDataset" time="0"/>
  <testcase classname="org.jfree.data.general.DatasetUtilsTest" name="testFindDomainBounds" time="0"/>
  <testcase classname="org.jfree.data.general.DatasetUtilsTest" name="testCreateCategoryDataset1" time="0"/>
  <testcase classname="org.jfree.data.general.DatasetUtilsTest" name="testCreateCategoryDataset2" time="0"/>
  <testcase classname="org.jfree.data.general.DatasetUtilsTest" name="testIterateRangeBounds_IntervalCategoryDataset" time="0"/>
  <testcase classname="org.jfree.data.general.DatasetUtilsTest" name="testBug2849731_2" time="0"/>
  <testcase classname="org.jfree.data.general.DatasetUtilsTest" name="testBug2849731_3" time="0"/>
  <testcase classname="org.jfree.data.general.DatasetUtilsTest" name="testIterateDomainBounds" time="0"/>
  <testcase classname="org.jfree.data.general.DatasetUtilsTest" name="testCumulativeRange_NaN" time="0"/>
  <testcase classname="org.jfree.data.general.DatasetUtilsTest" name="testFindDomainBounds2" time="0"/>
  <testcase classname="org.jfree.data.general.DatasetUtilsTest" name="testFindDomainBounds3" time="0"/>
  <testcase classname="org.jfree.data.general.DatasetUtilsTest" name="testFindDomainBounds4" time="0"/>
  <testcase classname="org.jfree.data.general.DatasetUtilsTest" name="testFindMinimumDomainValue" time="0.002"/>
</testsuite>